<?xml version="1.0" encoding="UTF-8"?>
<!-- Generated by org.testng.reporters.JUnitReportReporter -->
<testsuite name="com.bcs.p3s.automationtest.TestP3sLogin" tests="1" time="8.192" ignored="0" failures="0" timestamp="12 Apr 2018 11:20:42 GMT" skipped="0" hostname="avid-ox790-013" errors="0">
  <testcase name="main" time="8.192" classname="com.bcs.p3s.automationtest.TestP3sLogin"/>
</testsuite> <!-- com.bcs.p3s.automationtest.TestP3sLogin -->
