<?xml version="1.0" encoding="UTF-8"?>
<!-- Generated by org.testng.reporters.JUnitReportReporter -->
<testsuite name="com.bcs.p3s.automationtest.TestP3sLogin" tests="3" time="20.243" ignored="0" failures="0" timestamp="23 Apr 2018 11:07:33 GMT" skipped="0" hostname="avid-ox790-013" errors="0">
  <testcase name="loginCorrectCredentials" time="14.606" classname="com.bcs.p3s.automationtest.TestP3sLogin"/>
  <testcase name="logoutFnCheck" time="2.640" classname="com.bcs.p3s.automationtest.TestP3sLogin"/>
  <testcase name="loginIncorrectCredentials" time="2.997" classname="com.bcs.p3s.automationtest.TestP3sLogin"/>
</testsuite> <!-- com.bcs.p3s.automationtest.TestP3sLogin -->
