<?xml version="1.0" encoding="UTF-8"?>
<!-- Generated by org.testng.reporters.JUnitReportReporter -->
<testsuite name="com.bcs.p3s.automationtest.TestP3sLogin" tests="3" time="7.981" ignored="0" failures="0" timestamp="08 May 2018 10:55:00 GMT" skipped="0" hostname="avid-ox790-013" errors="0">
  <testcase name="loginCorrectCredentials" time="4.346" classname="com.bcs.p3s.automationtest.TestP3sLogin"/>
  <testcase name="logoutFnCheck" time="0.295" classname="com.bcs.p3s.automationtest.TestP3sLogin"/>
  <testcase name="loginIncorrectCredentials" time="3.340" classname="com.bcs.p3s.automationtest.TestP3sLogin"/>
</testsuite> <!-- com.bcs.p3s.automationtest.TestP3sLogin -->
